{"/Users/danielashcraft/Documents/workspace/production/BlinkyProject/testJWTremoteSigner/src/asycHexSignature_e-short2.ts": {"path":"/Users/danielashcraft/Documents/workspace/production/BlinkyProject/testJWTremoteSigner/src/asycHexSignature_e-short2.ts","statementMap":{"0":{"start":{"line":1,"column":0},"end":{"line":1,"column":33}},"1":{"start":{"line":2,"column":0},"end":{"line":2,"column":34}},"2":{"start":{"line":3,"column":0},"end":{"line":3,"column":30}},"3":{"start":{"line":5,"column":9},"end":{"line":5,"column":26}},"4":{"start":{"line":8,"column":2},"end":{"line":8,"column":null}},"5":{"start":{"line":12,"column":23},"end":{"line":12,"column":91}},"6":{"start":{"line":13,"column":24},"end":{"line":13,"column":53}},"7":{"start":{"line":14,"column":23},"end":{"line":14,"column":41}},"8":{"start":{"line":15,"column":17},"end":{"line":15,"column":45}},"9":{"start":{"line":16,"column":19},"end":{"line":16,"column":63}},"10":{"start":{"line":17,"column":19},"end":{"line":17,"column":63}},"11":{"start":{"line":18,"column":17},"end":{"line":18,"column":46}},"12":{"start":{"line":19,"column":17},"end":{"line":19,"column":46}},"13":{"start":{"line":20,"column":4},"end":{"line":20,"column":43}},"14":{"start":{"line":11,"column":0},"end":{"line":11,"column":16}},"15":{"start":{"line":24,"column":1},"end":{"line":24,"column":null}},"16":{"start":{"line":23,"column":0},"end":{"line":23,"column":7}},"17":{"start":{"line":29,"column":16},"end":{"line":29,"column":23}},"18":{"start":{"line":30,"column":2},"end":{"line":30,"column":null}},"19":{"start":{"line":28,"column":0},"end":{"line":28,"column":16}},"20":{"start":{"line":34,"column":12},"end":{"line":38,"column":null}},"21":{"start":{"line":39,"column":2},"end":{"line":39,"column":null}},"22":{"start":{"line":42,"column":0},"end":{"line":42,"column":null}}},"fnMap":{"0":{"name":"bytesToBase64url","decl":{"start":{"line":7,"column":9},"end":{"line":7,"column":25}},"loc":{"start":{"line":7,"column":39},"end":{"line":9,"column":1}}},"1":{"name":"callToHSM","decl":{"start":{"line":11,"column":16},"end":{"line":11,"column":25}},"loc":{"start":{"line":11,"column":39},"end":{"line":21,"column":1}}},"2":{"name":"JsonWebToken","decl":{"start":{"line":23,"column":22},"end":{"line":23,"column":34}},"loc":{"start":{"line":23,"column":48},"end":{"line":25,"column":1}}},"3":{"name":"signer","decl":{"start":{"line":28,"column":16},"end":{"line":28,"column":22}},"loc":{"start":{"line":28,"column":22},"end":{"line":31,"column":1}}},"4":{"name":"JsonWebTokenT","decl":{"start":{"line":33,"column":15},"end":{"line":33,"column":28}},"loc":{"start":{"line":33,"column":28},"end":{"line":40,"column":1}}}},"branchMap":{},"s":{"0":1,"1":1,"2":1,"3":1,"4":2,"5":2,"6":2,"7":2,"8":2,"9":2,"10":2,"11":2,"12":2,"13":2,"14":1,"15":2,"16":1,"17":2,"18":2,"19":1,"20":1,"21":1,"22":1},"f":{"0":2,"1":2,"2":2,"3":2,"4":1},"b":{}}
}
