{"/home/ubuntu/Downloads/BlinkyProject/testJWTremoteSigner/lib/asycHexSignature_e-short2.js": {"path":"/home/ubuntu/Downloads/BlinkyProject/testJWTremoteSigner/lib/asycHexSignature_e-short2.js","statementMap":{"0":{"start":{"line":2,"column":22},"end":{"line":8,"column":3}},"1":{"start":{"line":3,"column":4},"end":{"line":3,"column":33}},"2":{"start":{"line":3,"column":26},"end":{"line":3,"column":33}},"3":{"start":{"line":4,"column":4},"end":{"line":4,"column":89}},"4":{"start":{"line":4,"column":71},"end":{"line":4,"column":83}},"5":{"start":{"line":6,"column":4},"end":{"line":6,"column":33}},"6":{"start":{"line":6,"column":26},"end":{"line":6,"column":33}},"7":{"start":{"line":7,"column":4},"end":{"line":7,"column":17}},"8":{"start":{"line":9,"column":25},"end":{"line":13,"column":2}},"9":{"start":{"line":10,"column":4},"end":{"line":10,"column":72}},"10":{"start":{"line":12,"column":4},"end":{"line":12,"column":21}},"11":{"start":{"line":14,"column":19},"end":{"line":20,"column":1}},"12":{"start":{"line":15,"column":4},"end":{"line":15,"column":42}},"13":{"start":{"line":15,"column":31},"end":{"line":15,"column":42}},"14":{"start":{"line":16,"column":17},"end":{"line":16,"column":19}},"15":{"start":{"line":17,"column":4},"end":{"line":17,"column":141}},"16":{"start":{"line":17,"column":21},"end":{"line":17,"column":141}},"17":{"start":{"line":17,"column":40},"end":{"line":17,"column":141}},"18":{"start":{"line":17,"column":109},"end":{"line":17,"column":141}},"19":{"start":{"line":18,"column":4},"end":{"line":18,"column":36}},"20":{"start":{"line":19,"column":4},"end":{"line":19,"column":18}},"21":{"start":{"line":21,"column":0},"end":{"line":21,"column":62}},"22":{"start":{"line":22,"column":0},"end":{"line":22,"column":101}},"23":{"start":{"line":23,"column":15},"end":{"line":23,"column":47}},"24":{"start":{"line":24,"column":12},"end":{"line":24,"column":48}},"25":{"start":{"line":25,"column":11},"end":{"line":25,"column":44}},"26":{"start":{"line":26,"column":9},"end":{"line":26,"column":26}},"27":{"start":{"line":27,"column":20},"end":{"line":27,"column":27}},"28":{"start":{"line":28,"column":14},"end":{"line":28,"column":41}},"29":{"start":{"line":30,"column":4},"end":{"line":30,"column":40}},"30":{"start":{"line":32,"column":0},"end":{"line":32,"column":44}},"31":{"start":{"line":34,"column":23},"end":{"line":34,"column":91}},"32":{"start":{"line":35,"column":24},"end":{"line":35,"column":53}},"33":{"start":{"line":36,"column":23},"end":{"line":36,"column":41}},"34":{"start":{"line":37,"column":17},"end":{"line":37,"column":45}},"35":{"start":{"line":38,"column":19},"end":{"line":38,"column":64}},"36":{"start":{"line":39,"column":19},"end":{"line":39,"column":64}},"37":{"start":{"line":40,"column":17},"end":{"line":40,"column":47}},"38":{"start":{"line":41,"column":17},"end":{"line":41,"column":47}},"39":{"start":{"line":42,"column":4},"end":{"line":42,"column":46}},"40":{"start":{"line":44,"column":0},"end":{"line":44,"column":30}},"41":{"start":{"line":46,"column":27},"end":{"line":46,"column":49}},"42":{"start":{"line":47,"column":4},"end":{"line":47,"column":44}},"43":{"start":{"line":49,"column":0},"end":{"line":49,"column":36}},"44":{"start":{"line":50,"column":13},"end":{"line":50,"column":62}},"45":{"start":{"line":50,"column":27},"end":{"line":50,"column":60}},"46":{"start":{"line":52,"column":14},"end":{"line":52,"column":217}},"47":{"start":{"line":53,"column":4},"end":{"line":53,"column":21}},"48":{"start":{"line":55,"column":0},"end":{"line":55,"column":38}},"49":{"start":{"line":56,"column":0},"end":{"line":56,"column":16}}},"fnMap":{"0":{"name":"(anonymous_0)","decl":{"start":{"line":2,"column":74},"end":{"line":2,"column":75}},"loc":{"start":{"line":2,"column":96},"end":{"line":5,"column":1}},"line":2},"1":{"name":"(anonymous_1)","decl":{"start":{"line":4,"column":58},"end":{"line":4,"column":59}},"loc":{"start":{"line":4,"column":69},"end":{"line":4,"column":85}},"line":4},"2":{"name":"(anonymous_2)","decl":{"start":{"line":5,"column":6},"end":{"line":5,"column":7}},"loc":{"start":{"line":5,"column":28},"end":{"line":8,"column":1}},"line":5},"3":{"name":"(anonymous_3)","decl":{"start":{"line":9,"column":80},"end":{"line":9,"column":81}},"loc":{"start":{"line":9,"column":95},"end":{"line":11,"column":1}},"line":9},"4":{"name":"(anonymous_4)","decl":{"start":{"line":11,"column":5},"end":{"line":11,"column":6}},"loc":{"start":{"line":11,"column":20},"end":{"line":13,"column":1}},"line":11},"5":{"name":"(anonymous_5)","decl":{"start":{"line":14,"column":50},"end":{"line":14,"column":51}},"loc":{"start":{"line":14,"column":65},"end":{"line":20,"column":1}},"line":14},"6":{"name":"bytesToBase64url","decl":{"start":{"line":29,"column":9},"end":{"line":29,"column":25}},"loc":{"start":{"line":29,"column":29},"end":{"line":31,"column":1}},"line":29},"7":{"name":"callToHSM","decl":{"start":{"line":33,"column":15},"end":{"line":33,"column":24}},"loc":{"start":{"line":33,"column":32},"end":{"line":43,"column":1}},"line":33},"8":{"name":"JsonWebToken","decl":{"start":{"line":45,"column":15},"end":{"line":45,"column":27}},"loc":{"start":{"line":45,"column":35},"end":{"line":48,"column":1}},"line":45},"9":{"name":"(anonymous_9)","decl":{"start":{"line":50,"column":13},"end":{"line":50,"column":14}},"loc":{"start":{"line":50,"column":25},"end":{"line":50,"column":62}},"line":50},"10":{"name":"JsonWebTokenT","decl":{"start":{"line":51,"column":15},"end":{"line":51,"column":28}},"loc":{"start":{"line":51,"column":31},"end":{"line":54,"column":1}},"line":51}},"branchMap":{"0":{"loc":{"start":{"line":2,"column":22},"end":{"line":8,"column":3}},"type":"binary-expr","locations":[{"start":{"line":2,"column":23},"end":{"line":2,"column":27}},{"start":{"line":2,"column":31},"end":{"line":2,"column":51}},{"start":{"line":2,"column":57},"end":{"line":8,"column":2}}],"line":2},"1":{"loc":{"start":{"line":2,"column":57},"end":{"line":8,"column":2}},"type":"cond-expr","locations":[{"start":{"line":2,"column":74},"end":{"line":5,"column":1}},{"start":{"line":5,"column":6},"end":{"line":8,"column":1}}],"line":2},"2":{"loc":{"start":{"line":3,"column":4},"end":{"line":3,"column":33}},"type":"if","locations":[{"start":{"line":3,"column":4},"end":{"line":3,"column":33}},{"start":{},"end":{}}],"line":3},"3":{"loc":{"start":{"line":6,"column":4},"end":{"line":6,"column":33}},"type":"if","locations":[{"start":{"line":6,"column":4},"end":{"line":6,"column":33}},{"start":{},"end":{}}],"line":6},"4":{"loc":{"start":{"line":9,"column":25},"end":{"line":13,"column":2}},"type":"binary-expr","locations":[{"start":{"line":9,"column":26},"end":{"line":9,"column":30}},{"start":{"line":9,"column":34},"end":{"line":9,"column":57}},{"start":{"line":9,"column":63},"end":{"line":13,"column":1}}],"line":9},"5":{"loc":{"start":{"line":9,"column":63},"end":{"line":13,"column":1}},"type":"cond-expr","locations":[{"start":{"line":9,"column":80},"end":{"line":11,"column":1}},{"start":{"line":11,"column":5},"end":{"line":13,"column":1}}],"line":9},"6":{"loc":{"start":{"line":14,"column":19},"end":{"line":20,"column":1}},"type":"binary-expr","locations":[{"start":{"line":14,"column":20},"end":{"line":14,"column":24}},{"start":{"line":14,"column":28},"end":{"line":14,"column":45}},{"start":{"line":14,"column":50},"end":{"line":20,"column":1}}],"line":14},"7":{"loc":{"start":{"line":15,"column":4},"end":{"line":15,"column":42}},"type":"if","locations":[{"start":{"line":15,"column":4},"end":{"line":15,"column":42}},{"start":{},"end":{}}],"line":15},"8":{"loc":{"start":{"line":15,"column":8},"end":{"line":15,"column":29}},"type":"binary-expr","locations":[{"start":{"line":15,"column":8},"end":{"line":15,"column":11}},{"start":{"line":15,"column":15},"end":{"line":15,"column":29}}],"line":15},"9":{"loc":{"start":{"line":17,"column":4},"end":{"line":17,"column":141}},"type":"if","locations":[{"start":{"line":17,"column":4},"end":{"line":17,"column":141}},{"start":{},"end":{}}],"line":17},"10":{"loc":{"start":{"line":17,"column":40},"end":{"line":17,"column":141}},"type":"if","locations":[{"start":{"line":17,"column":40},"end":{"line":17,"column":141}},{"start":{},"end":{}}],"line":17},"11":{"loc":{"start":{"line":17,"column":44},"end":{"line":17,"column":107}},"type":"binary-expr","locations":[{"start":{"line":17,"column":44},"end":{"line":17,"column":59}},{"start":{"line":17,"column":63},"end":{"line":17,"column":107}}],"line":17}},"s":{"0":1,"1":35,"2":35,"3":35,"4":2,"5":0,"6":0,"7":0,"8":1,"9":2,"10":0,"11":1,"12":3,"13":1,"14":2,"15":2,"16":2,"17":35,"18":35,"19":2,"20":2,"21":1,"22":1,"23":1,"24":1,"25":1,"26":1,"27":1,"28":1,"29":1,"30":1,"31":2,"32":2,"33":2,"34":2,"35":2,"36":2,"37":2,"38":2,"39":2,"40":1,"41":1,"42":1,"43":1,"44":1,"45":1,"46":1,"47":1,"48":1,"49":1},"f":{"0":35,"1":2,"2":0,"3":2,"4":0,"5":3,"6":1,"7":2,"8":1,"9":1,"10":1},"b":{"0":[1,1,1],"1":[1,0],"2":[35,0],"3":[0,0],"4":[1,1,1],"5":[1,0],"6":[1,1,1],"7":[1,2],"8":[3,3],"9":[2,0],"10":[35,0],"11":[35,35]},"inputSourceMap":null,"_coverageSchema":"1a1c01bbd47fc00a2c39e90264f33305004495a9","hash":"a204497bfcc400b96293de895f9756a049b60969"}
,"/home/ubuntu/Downloads/BlinkyProject/testJWTremoteSigner/src/asycHexSignature_e-short2.ts": {"path":"/home/ubuntu/Downloads/BlinkyProject/testJWTremoteSigner/src/asycHexSignature_e-short2.ts","statementMap":{"0":{"start":{"line":1,"column":0},"end":{"line":1,"column":33}},"1":{"start":{"line":2,"column":0},"end":{"line":2,"column":34}},"2":{"start":{"line":3,"column":0},"end":{"line":3,"column":30}},"3":{"start":{"line":5,"column":9},"end":{"line":5,"column":26}},"4":{"start":{"line":7,"column":20},"end":{"line":7,"column":27}},"5":{"start":{"line":8,"column":14},"end":{"line":8,"column":41}},"6":{"start":{"line":11,"column":2},"end":{"line":11,"column":null}},"7":{"start":{"line":10,"column":0},"end":{"line":10,"column":16}},"8":{"start":{"line":16,"column":23},"end":{"line":16,"column":91}},"9":{"start":{"line":17,"column":24},"end":{"line":17,"column":53}},"10":{"start":{"line":18,"column":23},"end":{"line":18,"column":41}},"11":{"start":{"line":19,"column":17},"end":{"line":19,"column":45}},"12":{"start":{"line":20,"column":19},"end":{"line":20,"column":63}},"13":{"start":{"line":21,"column":19},"end":{"line":21,"column":63}},"14":{"start":{"line":22,"column":17},"end":{"line":22,"column":46}},"15":{"start":{"line":23,"column":17},"end":{"line":23,"column":46}},"16":{"start":{"line":24,"column":4},"end":{"line":24,"column":43}},"17":{"start":{"line":14,"column":0},"end":{"line":14,"column":7}},"18":{"start":{"line":29,"column":24},"end":{"line":29,"column":46}},"19":{"start":{"line":30,"column":1},"end":{"line":30,"column":null}},"20":{"start":{"line":28,"column":0},"end":{"line":28,"column":7}},"21":{"start":{"line":33,"column":13},"end":{"line":33,"column":61}},"22":{"start":{"line":33,"column":27},"end":{"line":33,"column":60}},"23":{"start":{"line":36,"column":12},"end":{"line":40,"column":null}},"24":{"start":{"line":41,"column":2},"end":{"line":41,"column":null}},"25":{"start":{"line":35,"column":0},"end":{"line":35,"column":7}},"26":{"start":{"line":44,"column":0},"end":{"line":44,"column":null}}},"fnMap":{"0":{"name":"bytesToBase64url","decl":{"start":{"line":10,"column":16},"end":{"line":10,"column":32}},"loc":{"start":{"line":10,"column":46},"end":{"line":12,"column":1}}},"1":{"name":"callToHSM","decl":{"start":{"line":14,"column":22},"end":{"line":14,"column":31}},"loc":{"start":{"line":14,"column":49},"end":{"line":26,"column":1}}},"2":{"name":"JsonWebToken","decl":{"start":{"line":28,"column":22},"end":{"line":28,"column":34}},"loc":{"start":{"line":28,"column":52},"end":{"line":31,"column":1}}},"3":{"name":"(anonymous_9)","decl":{"start":{"line":33,"column":13},"end":{"line":33,"column":18}},"loc":{"start":{"line":33,"column":24},"end":{"line":33,"column":61}}},"4":{"name":"JsonWebTokenT","decl":{"start":{"line":35,"column":22},"end":{"line":35,"column":35}},"loc":{"start":{"line":35,"column":35},"end":{"line":42,"column":1}}}},"branchMap":{},"s":{"0":1,"1":1,"2":1,"3":1,"4":1,"5":1,"6":1,"7":1,"8":2,"9":2,"10":2,"11":2,"12":2,"13":2,"14":2,"15":2,"16":2,"17":1,"18":1,"19":1,"20":1,"21":1,"22":1,"23":1,"24":1,"25":1,"26":1},"f":{"0":1,"1":2,"2":1,"3":1,"4":1},"b":{}}
}
