TN:
SF:lib/asycHexSignature_e-short2.js
FN:2,(anonymous_0)
FN:4,(anonymous_1)
FN:5,(anonymous_2)
FN:9,(anonymous_3)
FN:11,(anonymous_4)
FN:14,(anonymous_5)
FN:29,bytesToBase64url
FN:33,callToHSM
FN:45,JsonWebToken
FN:50,(anonymous_9)
FN:51,JsonWebTokenT
FNF:11
FNH:9
FNDA:35,(anonymous_0)
FNDA:2,(anonymous_1)
FNDA:0,(anonymous_2)
FNDA:2,(anonymous_3)
FNDA:0,(anonymous_4)
FNDA:3,(anonymous_5)
FNDA:1,bytesToBase64url
FNDA:2,callToHSM
FNDA:1,JsonWebToken
FNDA:1,(anonymous_9)
FNDA:1,JsonWebTokenT
DA:2,1
DA:3,35
DA:4,35
DA:6,0
DA:7,0
DA:9,1
DA:10,2
DA:12,0
DA:14,1
DA:15,3
DA:16,2
DA:17,35
DA:18,2
DA:19,2
DA:21,1
DA:22,1
DA:23,1
DA:24,1
DA:25,1
DA:26,1
DA:27,1
DA:28,1
DA:30,1
DA:32,1
DA:34,2
DA:35,2
DA:36,2
DA:37,2
DA:38,2
DA:39,2
DA:40,2
DA:41,2
DA:42,2
DA:44,1
DA:46,1
DA:47,1
DA:49,1
DA:50,1
DA:52,1
DA:53,1
DA:55,1
DA:56,1
LF:42
LH:39
BRDA:2,0,0,1
BRDA:2,0,1,1
BRDA:2,0,2,1
BRDA:2,1,0,1
BRDA:2,1,1,0
BRDA:3,2,0,35
BRDA:3,2,1,0
BRDA:6,3,0,0
BRDA:6,3,1,0
BRDA:9,4,0,1
BRDA:9,4,1,1
BRDA:9,4,2,1
BRDA:9,5,0,1
BRDA:9,5,1,0
BRDA:14,6,0,1
BRDA:14,6,1,1
BRDA:14,6,2,1
BRDA:15,7,0,1
BRDA:15,7,1,2
BRDA:15,8,0,3
BRDA:15,8,1,3
BRDA:17,9,0,2
BRDA:17,9,1,0
BRDA:17,10,0,35
BRDA:17,10,1,0
BRDA:17,11,0,35
BRDA:17,11,1,35
BRF:27
BRH:20
end_of_record
TN:
SF:src/asycHexSignature_e-short2.ts
FN:10,bytesToBase64url
FN:14,callToHSM
FN:28,JsonWebToken
FN:33,(anonymous_9)
FN:35,JsonWebTokenT
FNF:5
FNH:5
FNDA:1,bytesToBase64url
FNDA:2,callToHSM
FNDA:1,JsonWebToken
FNDA:1,(anonymous_9)
FNDA:1,JsonWebTokenT
DA:1,1
DA:2,1
DA:3,1
DA:5,1
DA:7,1
DA:8,1
DA:10,1
DA:11,1
DA:14,1
DA:16,2
DA:17,2
DA:18,2
DA:19,2
DA:20,2
DA:21,2
DA:22,2
DA:23,2
DA:24,2
DA:28,1
DA:29,1
DA:30,1
DA:33,1
DA:35,1
DA:36,1
DA:41,1
DA:44,1
LF:26
LH:26
BRF:0
BRH:0
end_of_record
